Initialize engine version: 5.5.0f3 (38b4efef76f0)
GfxDevice: creating device client; threaded=1
Direct3D:
    Version:  Direct3D 11.0 [level 11.0]
    Renderer: NVIDIA GeForce GT 740M (ID=0x1292)
    Vendor:   NVIDIA
    VRAM:     2020 MB
    Driver:   21.21.13.7654
Begin MonoManager ReloadAssembly
Platform assembly: C:\Users\mhy\Documents\GitHub\YangChiGi_3.0\Client_Data\Managed\UnityEngine.dll (this message is harmless)
Loading C:\Users\mhy\Documents\GitHub\YangChiGi_3.0\Client_Data\Managed\UnityEngine.dll into Unity Child Domain
Platform assembly: C:\Users\mhy\Documents\GitHub\YangChiGi_3.0\Client_Data\Managed\Assembly-CSharp.dll (this message is harmless)
Loading C:\Users\mhy\Documents\GitHub\YangChiGi_3.0\Client_Data\Managed\Assembly-CSharp.dll into Unity Child Domain
Platform assembly: C:\Users\mhy\Documents\GitHub\YangChiGi_3.0\Client_Data\Managed\UnityEngine.UI.dll (this message is harmless)
Loading C:\Users\mhy\Documents\GitHub\YangChiGi_3.0\Client_Data\Managed\UnityEngine.UI.dll into Unity Child Domain
Platform assembly: C:\Users\mhy\Documents\GitHub\YangChiGi_3.0\Client_Data\Managed\UnityEngine.Networking.dll (this message is harmless)
Loading C:\Users\mhy\Documents\GitHub\YangChiGi_3.0\Client_Data\Managed\UnityEngine.Networking.dll into Unity Child Domain
Platform assembly: C:\Users\mhy\Documents\GitHub\YangChiGi_3.0\Client_Data\Managed\UnityEngine.PlaymodeTestsRunner.dll (this message is harmless)
Loading C:\Users\mhy\Documents\GitHub\YangChiGi_3.0\Client_Data\Managed\UnityEngine.PlaymodeTestsRunner.dll into Unity Child Domain
Platform assembly: C:\Users\mhy\Documents\GitHub\YangChiGi_3.0\Client_Data\Managed\Firebase.App.dll (this message is harmless)
Loading C:\Users\mhy\Documents\GitHub\YangChiGi_3.0\Client_Data\Managed\Firebase.App.dll into Unity Child Domain
Platform assembly: C:\Users\mhy\Documents\GitHub\YangChiGi_3.0\Client_Data\Managed\Firebase.Auth.dll (this message is harmless)
Loading C:\Users\mhy\Documents\GitHub\YangChiGi_3.0\Client_Data\Managed\Firebase.Auth.dll into Unity Child Domain
Platform assembly: C:\Users\mhy\Documents\GitHub\YangChiGi_3.0\Client_Data\Managed\Firebase.Database.dll (this message is harmless)
Loading C:\Users\mhy\Documents\GitHub\YangChiGi_3.0\Client_Data\Managed\Firebase.Database.dll into Unity Child Domain
Platform assembly: C:\Users\mhy\Documents\GitHub\YangChiGi_3.0\Client_Data\Managed\Google.MiniJson.dll (this message is harmless)
Loading C:\Users\mhy\Documents\GitHub\YangChiGi_3.0\Client_Data\Managed\Google.MiniJson.dll into Unity Child Domain
Platform assembly: C:\Users\mhy\Documents\GitHub\YangChiGi_3.0\Client_Data\Managed\Google.Sharpen.dll (this message is harmless)
Loading C:\Users\mhy\Documents\GitHub\YangChiGi_3.0\Client_Data\Managed\Google.Sharpen.dll into Unity Child Domain
Platform assembly: C:\Users\mhy\Documents\GitHub\YangChiGi_3.0\Client_Data\Managed\Unity.Compat.dll (this message is harmless)
Loading C:\Users\mhy\Documents\GitHub\YangChiGi_3.0\Client_Data\Managed\Unity.Compat.dll into Unity Child Domain
Platform assembly: C:\Users\mhy\Documents\GitHub\YangChiGi_3.0\Client_Data\Managed\Unity.Tasks.dll (this message is harmless)
Loading C:\Users\mhy\Documents\GitHub\YangChiGi_3.0\Client_Data\Managed\Unity.Tasks.dll into Unity Child Domain
- Completed reload, in  0.053 seconds
Platform assembly: C:\Users\mhy\Documents\GitHub\YangChiGi_3.0\Client_Data\Managed\System.Core.dll (this message is harmless)
Platform assembly: C:\Users\mhy\Documents\GitHub\YangChiGi_3.0\Client_Data\Managed\System.dll (this message is harmless)
<RI> Initializing input.
<RI> Input initialized.
desktop: 1920x1080 59Hz; virtual: 3840x1080 at -1920,0
<RI> Initialized touch support.
UnloadTime: 1.482902 ms
Setting up 1 worker threads for Enlighten.
  Thread -> id: 3894 -> priority: 1 
Platform assembly: C:\Users\mhy\Documents\GitHub\YangChiGi_3.0\Client_Data\Managed\System.Configuration.dll (this message is harmless)
Platform assembly: C:\Users\mhy\Documents\GitHub\YangChiGi_3.0\Client_Data\Managed\System.Xml.dll (this message is harmless)
Connecting to...127.0.0.1:11900
 
(Filename: C:/buildslave/unity/build/artifacts/generated/common/runtime/DebugBindings.gen.cpp Line: 51)

Connected.
 
(Filename: C:/buildslave/unity/build/artifacts/generated/common/runtime/DebugBindings.gen.cpp Line: 51)

Received: Seed/127065466
 
(Filename: C:/buildslave/unity/build/artifacts/generated/common/runtime/DebugBindings.gen.cpp Line: 51)

Received: PlayerNum/1
 
(Filename: C:/buildslave/unity/build/artifacts/generated/common/runtime/DebugBindings.gen.cpp Line: 51)

Unloading 6 Unused Serialized files (Serialized files now loaded: 0)
UnloadTime: 2.886158 ms

Unloading 21 unused Assets to reduce memory usage. Loaded Objects now: 1593.
Total: 0.739398 ms (FindLiveObjects: 0.105100 ms CreateObjectMapping: 0.043518 ms MarkObjects: 0.527965 ms  DeleteObjects: 0.061992 ms)

Send: Ready/1
 
(Filename: C:/buildslave/unity/build/artifacts/generated/common/runtime/DebugBindings.gen.cpp Line: 51)

Received: Start
 
(Filename: C:/buildslave/unity/build/artifacts/generated/common/runtime/DebugBindings.gen.cpp Line: 51)

Received: Shepherd/2,2,690
 
(Filename: C:/buildslave/unity/build/artifacts/generated/common/runtime/DebugBindings.gen.cpp Line: 51)

2
 
(Filename: C:/buildslave/unity/build/artifacts/generated/common/runtime/DebugBindings.gen.cpp Line: 51)

Send: Shepherd/1,2,1435
 
(Filename: C:/buildslave/unity/build/artifacts/generated/common/runtime/DebugBindings.gen.cpp Line: 51)

Received: Shepherd/1,2,1435
 
(Filename: C:/buildslave/unity/build/artifacts/generated/common/runtime/DebugBindings.gen.cpp Line: 51)

1
 
(Filename: C:/buildslave/unity/build/artifacts/generated/common/runtime/DebugBindings.gen.cpp Line: 51)

Received: Shepherd/2,0,1668
 
(Filename: C:/buildslave/unity/build/artifacts/generated/common/runtime/DebugBindings.gen.cpp Line: 51)

2
 
(Filename: C:/buildslave/unity/build/artifacts/generated/common/runtime/DebugBindings.gen.cpp Line: 51)

Received: Shepherd/2,1,1851
 
(Filename: C:/buildslave/unity/build/artifacts/generated/common/runtime/DebugBindings.gen.cpp Line: 51)

2
 
(Filename: C:/buildslave/unity/build/artifacts/generated/common/runtime/DebugBindings.gen.cpp Line: 51)

ArgumentOutOfRangeException: Argument is out of range.
Parameter name: index
  at System.Collections.Generic.List`1[UnityEngine.GameObject].get_Item (Int32 index) [0x00000] in <filename unknown>:0 
  at PlayerControlThree+<EnterHQ>c__Iterator0.MoveNext () [0x00000] in <filename unknown>:0 
  at UnityEngine.SetupCoroutine.InvokeMoveNext (IEnumerator enumerator, IntPtr returnValueAddress) [0x00000] in <filename unknown>:0 
 
(Filename:  Line: -1)

Send: Shepherd/1,0,2399
 
(Filename: C:/buildslave/unity/build/artifacts/generated/common/runtime/DebugBindings.gen.cpp Line: 51)

Received: Shepherd/1,0,2399
 
(Filename: C:/buildslave/unity/build/artifacts/generated/common/runtime/DebugBindings.gen.cpp Line: 51)

1
 
(Filename: C:/buildslave/unity/build/artifacts/generated/common/runtime/DebugBindings.gen.cpp Line: 51)

Send: Shepherd/1,1,2408
 
(Filename: C:/buildslave/unity/build/artifacts/generated/common/runtime/DebugBindings.gen.cpp Line: 51)

Received: Shepherd/1,1,2408
 
(Filename: C:/buildslave/unity/build/artifacts/generated/common/runtime/DebugBindings.gen.cpp Line: 51)

1
 
(Filename: C:/buildslave/unity/build/artifacts/generated/common/runtime/DebugBindings.gen.cpp Line: 51)

Received: Shepherd/2,2,3415
 
(Filename: C:/buildslave/unity/build/artifacts/generated/common/runtime/DebugBindings.gen.cpp Line: 51)

2
 
(Filename: C:/buildslave/unity/build/artifacts/generated/common/runtime/DebugBindings.gen.cpp Line: 51)

Send: Skill/1,4,-16.24928,-16.6768,-9.101952,2740
 
(Filename: C:/buildslave/unity/build/artifacts/generated/common/runtime/DebugBindings.gen.cpp Line: 51)

Received: Skill/1,4,-16.24928,-16.6768,-9.101952,2740
 
(Filename: C:/buildslave/unity/build/artifacts/generated/common/runtime/DebugBindings.gen.cpp Line: 51)

1
 
(Filename: C:/buildslave/unity/build/artifacts/generated/common/runtime/DebugBindings.gen.cpp Line: 51)

ArgumentOutOfRangeException: Argument is out of range.
Parameter name: index
  at System.Collections.Generic.List`1[UnityEngine.GameObject].get_Item (Int32 index) [0x00000] in <filename unknown>:0 
  at PlayerControlThree+<EnterHQ>c__Iterator0.MoveNext () [0x00000] in <filename unknown>:0 
  at UnityEngine.SetupCoroutine.InvokeMoveNext (IEnumerator enumerator, IntPtr returnValueAddress) [0x00000] in <filename unknown>:0 
 
(Filename:  Line: -1)

ArgumentOutOfRangeException: Argument is out of range.
Parameter name: index
  at System.Collections.Generic.List`1[UnityEngine.GameObject].get_Item (Int32 index) [0x00000] in <filename unknown>:0 
  at PlayerControlThree+<EnterHQ>c__Iterator0.MoveNext () [0x00000] in <filename unknown>:0 
  at UnityEngine.SetupCoroutine.InvokeMoveNext (IEnumerator enumerator, IntPtr returnValueAddress) [0x00000] in <filename unknown>:0 
 
(Filename:  Line: -1)

ArgumentOutOfRangeException: Argument is out of range.
Parameter name: index
  at System.Collections.Generic.List`1[UnityEngine.GameObject].get_Item (Int32 index) [0x00000] in <filename unknown>:0 
  at PlayerControlThree+<EnterHQ>c__Iterator0.MoveNext () [0x00000] in <filename unknown>:0 
  at UnityEngine.SetupCoroutine.InvokeMoveNext (IEnumerator enumerator, IntPtr returnValueAddress) [0x00000] in <filename unknown>:0 
 
(Filename:  Line: -1)

ArgumentOutOfRangeException: Argument is out of range.
Parameter name: index
  at System.Collections.Generic.List`1[UnityEngine.GameObject].get_Item (Int32 index) [0x00000] in <filename unknown>:0 
  at PlayerControlThree+<EnterHQ>c__Iterator0.MoveNext () [0x00000] in <filename unknown>:0 
  at UnityEngine.SetupCoroutine.InvokeMoveNext (IEnumerator enumerator, IntPtr returnValueAddress) [0x00000] in <filename unknown>:0 
 
(Filename:  Line: -1)

Received: Skill/2,4,13.3332,19.71156,-7.660294,4871
 
(Filename: C:/buildslave/unity/build/artifacts/generated/common/runtime/DebugBindings.gen.cpp Line: 51)

2
 
(Filename: C:/buildslave/unity/build/artifacts/generated/common/runtime/DebugBindings.gen.cpp Line: 51)

Send: Skill/1,4,-10.46434,-16.26396,-15.84239,3372
 
(Filename: C:/buildslave/unity/build/artifacts/generated/common/runtime/DebugBindings.gen.cpp Line: 51)

Received: Skill/1,4,-10.46434,-16.26396,-15.84239,3372
 
(Filename: C:/buildslave/unity/build/artifacts/generated/common/runtime/DebugBindings.gen.cpp Line: 51)

1
 
(Filename: C:/buildslave/unity/build/artifacts/generated/common/runtime/DebugBindings.gen.cpp Line: 51)

Send: Skill/1,3,-13.91702,-16.41768,-12.71913,4053
 
(Filename: C:/buildslave/unity/build/artifacts/generated/common/runtime/DebugBindings.gen.cpp Line: 51)

Received: Skill/1,3,-13.91702,-16.41768,-12.71913,4053
 
(Filename: C:/buildslave/unity/build/artifacts/generated/common/runtime/DebugBindings.gen.cpp Line: 51)

1
 
(Filename: C:/buildslave/unity/build/artifacts/generated/common/runtime/DebugBindings.gen.cpp Line: 51)

Send: Shepherd/1,2,4201
 
(Filename: C:/buildslave/unity/build/artifacts/generated/common/runtime/DebugBindings.gen.cpp Line: 51)

Received: Shepherd/1,2,4201
 
(Filename: C:/buildslave/unity/build/artifacts/generated/common/runtime/DebugBindings.gen.cpp Line: 51)

1
 
(Filename: C:/buildslave/unity/build/artifacts/generated/common/runtime/DebugBindings.gen.cpp Line: 51)

Send: Shepherd/1,0,4878
 
(Filename: C:/buildslave/unity/build/artifacts/generated/common/runtime/DebugBindings.gen.cpp Line: 51)

Received: Shepherd/1,0,4878
 
(Filename: C:/buildslave/unity/build/artifacts/generated/common/runtime/DebugBindings.gen.cpp Line: 51)

1
 
(Filename: C:/buildslave/unity/build/artifacts/generated/common/runtime/DebugBindings.gen.cpp Line: 51)

Received: Shepherd/2,0,11098
 
(Filename: C:/buildslave/unity/build/artifacts/generated/common/runtime/DebugBindings.gen.cpp Line: 51)

2
 
(Filename: C:/buildslave/unity/build/artifacts/generated/common/runtime/DebugBindings.gen.cpp Line: 51)

Received: Shepherd/2,1,11911
 
(Filename: C:/buildslave/unity/build/artifacts/generated/common/runtime/DebugBindings.gen.cpp Line: 51)

2
 
(Filename: C:/buildslave/unity/build/artifacts/generated/common/runtime/DebugBindings.gen.cpp Line: 51)

ArgumentOutOfRangeException: Argument is out of range.
Parameter name: index
  at System.Collections.Generic.List`1[UnityEngine.GameObject].get_Item (Int32 index) [0x00000] in <filename unknown>:0 
  at PlayerControlThree+<EnterHQ>c__Iterator0.MoveNext () [0x00000] in <filename unknown>:0 
  at UnityEngine.SetupCoroutine.InvokeMoveNext (IEnumerator enumerator, IntPtr returnValueAddress) [0x00000] in <filename unknown>:0 
 
(Filename:  Line: -1)

ArgumentOutOfRangeException: Argument is out of range.
Parameter name: index
  at System.Collections.Generic.List`1[UnityEngine.GameObject].get_Item (Int32 index) [0x00000] in <filename unknown>:0 
  at PlayerControlThree+<EnterHQ>c__Iterator0.MoveNext () [0x00000] in <filename unknown>:0 
  at UnityEngine.SetupCoroutine.InvokeMoveNext (IEnumerator enumerator, IntPtr returnValueAddress) [0x00000] in <filename unknown>:0 
 
(Filename:  Line: -1)

ArgumentOutOfRangeException: Argument is out of range.
Parameter name: index
  at System.Collections.Generic.List`1[UnityEngine.GameObject].get_Item (Int32 index) [0x00000] in <filename unknown>:0 
  at PlayerControlThree+<EnterHQ>c__Iterator0.MoveNext () [0x00000] in <filename unknown>:0 
  at UnityEngine.SetupCoroutine.InvokeMoveNext (IEnumerator enumerator, IntPtr returnValueAddress) [0x00000] in <filename unknown>:0 
 
(Filename:  Line: -1)

ArgumentOutOfRangeException: Argument is out of range.
Parameter name: index
  at System.Collections.Generic.List`1[UnityEngine.GameObject].get_Item (Int32 index) [0x00000] in <filename unknown>:0 
  at PlayerControlThree+<EnterHQ>c__Iterator0.MoveNext () [0x00000] in <filename unknown>:0 
  at UnityEngine.SetupCoroutine.InvokeMoveNext (IEnumerator enumerator, IntPtr returnValueAddress) [0x00000] in <filename unknown>:0 
 
(Filename:  Line: -1)

ArgumentOutOfRangeException: Argument is out of range.
Parameter name: index
  at System.Collections.Generic.List`1[UnityEngine.GameObject].get_Item (Int32 index) [0x00000] in <filename unknown>:0 
  at PlayerControlThree+<EnterHQ>c__Iterator0.MoveNext () [0x00000] in <filename unknown>:0 
  at UnityEngine.SetupCoroutine.InvokeMoveNext (IEnumerator enumerator, IntPtr returnValueAddress) [0x00000] in <filename unknown>:0 
 
(Filename:  Line: -1)

ArgumentOutOfRangeException: Argument is out of range.
Parameter name: index
  at System.Collections.Generic.List`1[UnityEngine.GameObject].get_Item (Int32 index) [0x00000] in <filename unknown>:0 
  at PlayerControlThree+<EnterHQ>c__Iterator0.MoveNext () [0x00000] in <filename unknown>:0 
  at UnityEngine.SetupCoroutine.InvokeMoveNext (IEnumerator enumerator, IntPtr returnValueAddress) [0x00000] in <filename unknown>:0 
 
(Filename:  Line: -1)

ArgumentOutOfRangeException: Argument is out of range.
Parameter name: index
  at System.Collections.Generic.List`1[UnityEngine.GameObject].get_Item (Int32 index) [0x00000] in <filename unknown>:0 
  at PlayerControlThree+<EnterHQ>c__Iterator0.MoveNext () [0x00000] in <filename unknown>:0 
  at UnityEngine.SetupCoroutine.InvokeMoveNext (IEnumerator enumerator, IntPtr returnValueAddress) [0x00000] in <filename unknown>:0 
 
(Filename:  Line: -1)

ArgumentOutOfRangeException: Argument is out of range.
Parameter name: index
  at System.Collections.Generic.List`1[UnityEngine.GameObject].get_Item (Int32 index) [0x00000] in <filename unknown>:0 
  at PlayerControlThree+<EnterHQ>c__Iterator0.MoveNext () [0x00000] in <filename unknown>:0 
  at UnityEngine.SetupCoroutine.InvokeMoveNext (IEnumerator enumerator, IntPtr returnValueAddress) [0x00000] in <filename unknown>:0 
 
(Filename:  Line: -1)

Send: Shepherd/1,1,6803
 
(Filename: C:/buildslave/unity/build/artifacts/generated/common/runtime/DebugBindings.gen.cpp Line: 51)

Received: Shepherd/1,1,6803
 
(Filename: C:/buildslave/unity/build/artifacts/generated/common/runtime/DebugBindings.gen.cpp Line: 51)

1
 
(Filename: C:/buildslave/unity/build/artifacts/generated/common/runtime/DebugBindings.gen.cpp Line: 51)

Send: Shepherd/1,2,6904
 
(Filename: C:/buildslave/unity/build/artifacts/generated/common/runtime/DebugBindings.gen.cpp Line: 51)

Received: Shepherd/1,2,6904
 
(Filename: C:/buildslave/unity/build/artifacts/generated/common/runtime/DebugBindings.gen.cpp Line: 51)

1
 
(Filename: C:/buildslave/unity/build/artifacts/generated/common/runtime/DebugBindings.gen.cpp Line: 51)

ArgumentOutOfRangeException: Argument is out of range.
Parameter name: index
  at System.Collections.Generic.List`1[UnityEngine.GameObject].get_Item (Int32 index) [0x00000] in <filename unknown>:0 
  at PlayerControlThree+<EnterHQ>c__Iterator0.MoveNext () [0x00000] in <filename unknown>:0 
  at UnityEngine.SetupCoroutine.InvokeMoveNext (IEnumerator enumerator, IntPtr returnValueAddress) [0x00000] in <filename unknown>:0 
 
(Filename:  Line: -1)

ArgumentOutOfRangeException: Argument is out of range.
Parameter name: index
  at System.Collections.Generic.List`1[UnityEngine.GameObject].get_Item (Int32 index) [0x00000] in <filename unknown>:0 
  at PlayerControlThree+<EnterHQ>c__Iterator0.MoveNext () [0x00000] in <filename unknown>:0 
  at UnityEngine.SetupCoroutine.InvokeMoveNext (IEnumerator enumerator, IntPtr returnValueAddress) [0x00000] in <filename unknown>:0 
 
(Filename:  Line: -1)

ArgumentOutOfRangeException: Argument is out of range.
Parameter name: index
  at System.Collections.Generic.List`1[UnityEngine.GameObject].get_Item (Int32 index) [0x00000] in <filename unknown>:0 
  at PlayerControlThree+<EnterHQ>c__Iterator0.MoveNext () [0x00000] in <filename unknown>:0 
  at UnityEngine.SetupCoroutine.InvokeMoveNext (IEnumerator enumerator, IntPtr returnValueAddress) [0x00000] in <filename unknown>:0 
 
(Filename:  Line: -1)

Send: Shepherd/1,0,7106
 
(Filename: C:/buildslave/unity/build/artifacts/generated/common/runtime/DebugBindings.gen.cpp Line: 51)

Received: Shepherd/1,0,7106
 
(Filename: C:/buildslave/unity/build/artifacts/generated/common/runtime/DebugBindings.gen.cpp Line: 51)

1
 
(Filename: C:/buildslave/unity/build/artifacts/generated/common/runtime/DebugBindings.gen.cpp Line: 51)

Send: GameOver/1,6172
 
(Filename: C:/buildslave/unity/build/artifacts/generated/common/runtime/DebugBindings.gen.cpp Line: 51)

Received: GameEnd
 
(Filename: C:/buildslave/unity/build/artifacts/generated/common/runtime/DebugBindings.gen.cpp Line: 51)

Get
 
(Filename: C:/buildslave/unity/build/artifacts/generated/common/runtime/DebugBindings.gen.cpp Line: 51)

Disconnected.
 
(Filename: C:/buildslave/unity/build/artifacts/generated/common/runtime/DebugBindings.gen.cpp Line: 51)

Unloading 3 Unused Serialized files (Serialized files now loaded: 0)
UnloadTime: 1.442668 ms

Unloading 30 unused Assets to reduce memory usage. Loaded Objects now: 481.
Total: 0.698754 ms (FindLiveObjects: 0.048034 ms CreateObjectMapping: 0.017653 ms MarkObjects: 0.482805 ms  DeleteObjects: 0.149439 ms)

Unloading 2 Unused Serialized files (Serialized files now loaded: 0)
UnloadTime: 0.381399 ms

Unloading 7 unused Assets to reduce memory usage. Loaded Objects now: 499.
Total: 0.558346 ms (FindLiveObjects: 0.046392 ms CreateObjectMapping: 0.015600 ms MarkObjects: 0.482394 ms  DeleteObjects: 0.013548 ms)

Unloading 4 Unused Serialized files (Serialized files now loaded: 0)
UnloadTime: 0.504153 ms

Unloading 17 unused Assets to reduce memory usage. Loaded Objects now: 662.
Total: 0.677405 ms (FindLiveObjects: 0.063224 ms CreateObjectMapping: 0.022580 ms MarkObjects: 0.574357 ms  DeleteObjects: 0.016832 ms)

Unloading 2 Unused Serialized files (Serialized files now loaded: 0)
UnloadTime: 2.043301 ms

Unloading 29 unused Assets to reduce memory usage. Loaded Objects now: 502.
Total: 0.559167 ms (FindLiveObjects: 0.063635 ms CreateObjectMapping: 0.012727 ms MarkObjects: 0.463920 ms  DeleteObjects: 0.018064 ms)

Connecting to...127.0.0.1:11900
 
(Filename: C:/buildslave/unity/build/artifacts/generated/common/runtime/DebugBindings.gen.cpp Line: 51)

Connected.
 
(Filename: C:/buildslave/unity/build/artifacts/generated/common/runtime/DebugBindings.gen.cpp Line: 51)

Received: Seed/1582363576
 
(Filename: C:/buildslave/unity/build/artifacts/generated/common/runtime/DebugBindings.gen.cpp Line: 51)

Received: PlayerNum/1
 
(Filename: C:/buildslave/unity/build/artifacts/generated/common/runtime/DebugBindings.gen.cpp Line: 51)

Unloading 5 Unused Serialized files (Serialized files now loaded: 0)
UnloadTime: 0.944262 ms

Unloading 19 unused Assets to reduce memory usage. Loaded Objects now: 1594.
Total: 1.105197 ms (FindLiveObjects: 0.126449 ms CreateObjectMapping: 0.034486 ms MarkObjects: 0.823560 ms  DeleteObjects: 0.120290 ms)

Send: Ready/1
 
(Filename: C:/buildslave/unity/build/artifacts/generated/common/runtime/DebugBindings.gen.cpp Line: 51)

Received: Start
 
(Filename: C:/buildslave/unity/build/artifacts/generated/common/runtime/DebugBindings.gen.cpp Line: 51)

Send: Shepherd/1,2,22776
 
(Filename: C:/buildslave/unity/build/artifacts/generated/common/runtime/DebugBindings.gen.cpp Line: 51)

Received: Shepherd/1,2,22776
 
(Filename: C:/buildslave/unity/build/artifacts/generated/common/runtime/DebugBindings.gen.cpp Line: 51)

1
 
(Filename: C:/buildslave/unity/build/artifacts/generated/common/runtime/DebugBindings.gen.cpp Line: 51)

Received: Shepherd/2,2,60823
 
(Filename: C:/buildslave/unity/build/artifacts/generated/common/runtime/DebugBindings.gen.cpp Line: 51)

2
 
(Filename: C:/buildslave/unity/build/artifacts/generated/common/runtime/DebugBindings.gen.cpp Line: 51)

Send: Skill/1,4,-15.82278,-1.252272,19.31506,23581
 
(Filename: C:/buildslave/unity/build/artifacts/generated/common/runtime/DebugBindings.gen.cpp Line: 51)

Received: Skill/1,4,-15.82278,-1.252272,19.31506,23581
 
(Filename: C:/buildslave/unity/build/artifacts/generated/common/runtime/DebugBindings.gen.cpp Line: 51)

1
 
(Filename: C:/buildslave/unity/build/artifacts/generated/common/runtime/DebugBindings.gen.cpp Line: 51)

Send: Skill/1,3,-17.80492,2.664665,17.34602,23731
 
(Filename: C:/buildslave/unity/build/artifacts/generated/common/runtime/DebugBindings.gen.cpp Line: 51)

Received: Skill/1,3,-17.80492,2.664665,17.34602,23731
 
(Filename: C:/buildslave/unity/build/artifacts/generated/common/runtime/DebugBindings.gen.cpp Line: 51)

1
 
(Filename: C:/buildslave/unity/build/artifacts/generated/common/runtime/DebugBindings.gen.cpp Line: 51)

Send: Shepherd/1,0,23887
 
(Filename: C:/buildslave/unity/build/artifacts/generated/common/runtime/DebugBindings.gen.cpp Line: 51)

Received: Shepherd/1,0,23887
 
(Filename: C:/buildslave/unity/build/artifacts/generated/common/runtime/DebugBindings.gen.cpp Line: 51)

1
 
(Filename: C:/buildslave/unity/build/artifacts/generated/common/runtime/DebugBindings.gen.cpp Line: 51)

Send: Shepherd/1,1,23910
 
(Filename: C:/buildslave/unity/build/artifacts/generated/common/runtime/DebugBindings.gen.cpp Line: 51)

Received: Shepherd/1,1,23910
 
(Filename: C:/buildslave/unity/build/artifacts/generated/common/runtime/DebugBindings.gen.cpp Line: 51)

1
 
(Filename: C:/buildslave/unity/build/artifacts/generated/common/runtime/DebugBindings.gen.cpp Line: 51)

ArgumentOutOfRangeException: Argument is out of range.
Parameter name: index
  at System.Collections.Generic.List`1[UnityEngine.GameObject].get_Item (Int32 index) [0x00000] in <filename unknown>:0 
  at PlayerControlThree+<EnterHQ>c__Iterator0.MoveNext () [0x00000] in <filename unknown>:0 
  at UnityEngine.SetupCoroutine.InvokeMoveNext (IEnumerator enumerator, IntPtr returnValueAddress) [0x00000] in <filename unknown>:0 
 
(Filename:  Line: -1)

ArgumentOutOfRangeException: Argument is out of range.
Parameter name: index
  at System.Collections.Generic.List`1[UnityEngine.GameObject].get_Item (Int32 index) [0x00000] in <filename unknown>:0 
  at PlayerControlThree+<EnterHQ>c__Iterator0.MoveNext () [0x00000] in <filename unknown>:0 
  at UnityEngine.SetupCoroutine.InvokeMoveNext (IEnumerator enumerator, IntPtr returnValueAddress) [0x00000] in <filename unknown>:0 
 
(Filename:  Line: -1)

ArgumentOutOfRangeException: Argument is out of range.
Parameter name: index
  at System.Collections.Generic.List`1[UnityEngine.GameObject].get_Item (Int32 index) [0x00000] in <filename unknown>:0 
  at PlayerControlThree+<EnterHQ>c__Iterator0.MoveNext () [0x00000] in <filename unknown>:0 
  at UnityEngine.SetupCoroutine.InvokeMoveNext (IEnumerator enumerator, IntPtr returnValueAddress) [0x00000] in <filename unknown>:0 
 
(Filename:  Line: -1)

ArgumentOutOfRangeException: Argument is out of range.
Parameter name: index
  at System.Collections.Generic.List`1[UnityEngine.GameObject].get_Item (Int32 index) [0x00000] in <filename unknown>:0 
  at PlayerControlThree+<EnterHQ>c__Iterator0.MoveNext () [0x00000] in <filename unknown>:0 
  at UnityEngine.SetupCoroutine.InvokeMoveNext (IEnumerator enumerator, IntPtr returnValueAddress) [0x00000] in <filename unknown>:0 
 
(Filename:  Line: -1)

ArgumentOutOfRangeException: Argument is out of range.
Parameter name: index
  at System.Collections.Generic.List`1[UnityEngine.GameObject].get_Item (Int32 index) [0x00000] in <filename unknown>:0 
  at PlayerControlThree+<EnterHQ>c__Iterator0.MoveNext () [0x00000] in <filename unknown>:0 
  at UnityEngine.SetupCoroutine.InvokeMoveNext (IEnumerator enumerator, IntPtr returnValueAddress) [0x00000] in <filename unknown>:0 
 
(Filename:  Line: -1)

ArgumentOutOfRangeException: Argument is out of range.
Parameter name: index
  at System.Collections.Generic.List`1[UnityEngine.GameObject].get_Item (Int32 index) [0x00000] in <filename unknown>:0 
  at PlayerControlThree+<EnterHQ>c__Iterator0.MoveNext () [0x00000] in <filename unknown>:0 
  at UnityEngine.SetupCoroutine.InvokeMoveNext (IEnumerator enumerator, IntPtr returnValueAddress) [0x00000] in <filename unknown>:0 
 
(Filename:  Line: -1)

ArgumentOutOfRangeException: Argument is out of range.
Parameter name: index
  at System.Collections.Generic.List`1[UnityEngine.GameObject].get_Item (Int32 index) [0x00000] in <filename unknown>:0 
  at PlayerControlThree+<EnterHQ>c__Iterator0.MoveNext () [0x00000] in <filename unknown>:0 
  at UnityEngine.SetupCoroutine.InvokeMoveNext (IEnumerator enumerator, IntPtr returnValueAddress) [0x00000] in <filename unknown>:0 
 
(Filename:  Line: -1)

Send: Shepherd/1,2,24282
 
(Filename: C:/buildslave/unity/build/artifacts/generated/common/runtime/DebugBindings.gen.cpp Line: 51)

Received: Shepherd/1,2,24282
 
(Filename: C:/buildslave/unity/build/artifacts/generated/common/runtime/DebugBindings.gen.cpp Line: 51)

1
 
(Filename: C:/buildslave/unity/build/artifacts/generated/common/runtime/DebugBindings.gen.cpp Line: 51)

Send: Shepherd/1,0,24302
 
(Filename: C:/buildslave/unity/build/artifacts/generated/common/runtime/DebugBindings.gen.cpp Line: 51)

Received: Shepherd/1,0,24302
 
(Filename: C:/buildslave/unity/build/artifacts/generated/common/runtime/DebugBindings.gen.cpp Line: 51)

1
 
(Filename: C:/buildslave/unity/build/artifacts/generated/common/runtime/DebugBindings.gen.cpp Line: 51)

Send: Shepherd/1,1,24330
 
(Filename: C:/buildslave/unity/build/artifacts/generated/common/runtime/DebugBindings.gen.cpp Line: 51)

Received: Shepherd/1,1,24330
 
(Filename: C:/buildslave/unity/build/artifacts/generated/common/runtime/DebugBindings.gen.cpp Line: 51)

1
 
(Filename: C:/buildslave/unity/build/artifacts/generated/common/runtime/DebugBindings.gen.cpp Line: 51)

Send: Shepherd/1,2,24419
 
(Filename: C:/buildslave/unity/build/artifacts/generated/common/runtime/DebugBindings.gen.cpp Line: 51)

Received: Shepherd/1,2,24419
 
(Filename: C:/buildslave/unity/build/artifacts/generated/common/runtime/DebugBindings.gen.cpp Line: 51)

1
 
(Filename: C:/buildslave/unity/build/artifacts/generated/common/runtime/DebugBindings.gen.cpp Line: 51)

Received: Shepherd/2,0,65688
 
(Filename: C:/buildslave/unity/build/artifacts/generated/common/runtime/DebugBindings.gen.cpp Line: 51)

2
 
(Filename: C:/buildslave/unity/build/artifacts/generated/common/runtime/DebugBindings.gen.cpp Line: 51)

Received: Shepherd/2,1,65820
 
(Filename: C:/buildslave/unity/build/artifacts/generated/common/runtime/DebugBindings.gen.cpp Line: 51)

2
 
(Filename: C:/buildslave/unity/build/artifacts/generated/common/runtime/DebugBindings.gen.cpp Line: 51)

Received: Shepherd/2,2,66067
 
(Filename: C:/buildslave/unity/build/artifacts/generated/common/runtime/DebugBindings.gen.cpp Line: 51)

2
 
(Filename: C:/buildslave/unity/build/artifacts/generated/common/runtime/DebugBindings.gen.cpp Line: 51)

Received: Shepherd/2,0,66216
 
(Filename: C:/buildslave/unity/build/artifacts/generated/common/runtime/DebugBindings.gen.cpp Line: 51)

2
 
(Filename: C:/buildslave/unity/build/artifacts/generated/common/runtime/DebugBindings.gen.cpp Line: 51)

Send: Shepherd/1,0,25164
 
(Filename: C:/buildslave/unity/build/artifacts/generated/common/runtime/DebugBindings.gen.cpp Line: 51)

Received: Shepherd/1,0,25164
 
(Filename: C:/buildslave/unity/build/artifacts/generated/common/runtime/DebugBindings.gen.cpp Line: 51)

1
 
(Filename: C:/buildslave/unity/build/artifacts/generated/common/runtime/DebugBindings.gen.cpp Line: 51)

Send: Shepherd/1,1,25266
 
(Filename: C:/buildslave/unity/build/artifacts/generated/common/runtime/DebugBindings.gen.cpp Line: 51)

Received: Shepherd/1,1,25266
 
(Filename: C:/buildslave/unity/build/artifacts/generated/common/runtime/DebugBindings.gen.cpp Line: 51)

1
 
(Filename: C:/buildslave/unity/build/artifacts/generated/common/runtime/DebugBindings.gen.cpp Line: 51)

Send: Shepherd/1,2,25302
 
(Filename: C:/buildslave/unity/build/artifacts/generated/common/runtime/DebugBindings.gen.cpp Line: 51)

Received: Shepherd/1,2,25302
 
(Filename: C:/buildslave/unity/build/artifacts/generated/common/runtime/DebugBindings.gen.cpp Line: 51)

1
 
(Filename: C:/buildslave/unity/build/artifacts/generated/common/runtime/DebugBindings.gen.cpp Line: 51)

Send: Shepherd/1,0,25448
 
(Filename: C:/buildslave/unity/build/artifacts/generated/common/runtime/DebugBindings.gen.cpp Line: 51)

Received: Shepherd/1,0,25448
 
(Filename: C:/buildslave/unity/build/artifacts/generated/common/runtime/DebugBindings.gen.cpp Line: 51)

1
 
(Filename: C:/buildslave/unity/build/artifacts/generated/common/runtime/DebugBindings.gen.cpp Line: 51)

Received: Shepherd/2,1,68051
 
(Filename: C:/buildslave/unity/build/artifacts/generated/common/runtime/DebugBindings.gen.cpp Line: 51)

2
 
(Filename: C:/buildslave/unity/build/artifacts/generated/common/runtime/DebugBindings.gen.cpp Line: 51)

Send: Skill/1,4,5.843218,-24.03189,-3.650366,26024
 
(Filename: C:/buildslave/unity/build/artifacts/generated/common/runtime/DebugBindings.gen.cpp Line: 51)

Received: Skill/1,4,5.843218,-24.03189,-3.650366,26024
 
(Filename: C:/buildslave/unity/build/artifacts/generated/common/runtime/DebugBindings.gen.cpp Line: 51)

1
 
(Filename: C:/buildslave/unity/build/artifacts/generated/common/runtime/DebugBindings.gen.cpp Line: 51)

Send: Skill/1,3,18.02416,-17.17158,-2.294849,26101
 
(Filename: C:/buildslave/unity/build/artifacts/generated/common/runtime/DebugBindings.gen.cpp Line: 51)

Received: Skill/1,3,18.02416,-17.17158,-2.294849,26101
 
(Filename: C:/buildslave/unity/build/artifacts/generated/common/runtime/DebugBindings.gen.cpp Line: 51)

1
 
(Filename: C:/buildslave/unity/build/artifacts/generated/common/runtime/DebugBindings.gen.cpp Line: 51)

Send: Shepherd/1,1,26156
 
(Filename: C:/buildslave/unity/build/artifacts/generated/common/runtime/DebugBindings.gen.cpp Line: 51)

Received: Shepherd/1,1,26156
 
(Filename: C:/buildslave/unity/build/artifacts/generated/common/runtime/DebugBindings.gen.cpp Line: 51)

1
 
(Filename: C:/buildslave/unity/build/artifacts/generated/common/runtime/DebugBindings.gen.cpp Line: 51)

Send: Shepherd/1,2,26170
 
(Filename: C:/buildslave/unity/build/artifacts/generated/common/runtime/DebugBindings.gen.cpp Line: 51)

Received: Shepherd/1,2,26170
 
(Filename: C:/buildslave/unity/build/artifacts/generated/common/runtime/DebugBindings.gen.cpp Line: 51)

1
 
(Filename: C:/buildslave/unity/build/artifacts/generated/common/runtime/DebugBindings.gen.cpp Line: 51)

Send: Shepherd/1,0,26231
 
(Filename: C:/buildslave/unity/build/artifacts/generated/common/runtime/DebugBindings.gen.cpp Line: 51)

Received: Shepherd/1,0,26231
 
(Filename: C:/buildslave/unity/build/artifacts/generated/common/runtime/DebugBindings.gen.cpp Line: 51)

1
 
(Filename: C:/buildslave/unity/build/artifacts/generated/common/runtime/DebugBindings.gen.cpp Line: 51)

Send: Shepherd/1,1,26276
 
(Filename: C:/buildslave/unity/build/artifacts/generated/common/runtime/DebugBindings.gen.cpp Line: 51)

Received: Shepherd/1,1,26276
 
(Filename: C:/buildslave/unity/build/artifacts/generated/common/runtime/DebugBindings.gen.cpp Line: 51)

1
 
(Filename: C:/buildslave/unity/build/artifacts/generated/common/runtime/DebugBindings.gen.cpp Line: 51)

ArgumentOutOfRangeException: Argument is out of range.
Parameter name: index
  at System.Collections.Generic.List`1[UnityEngine.GameObject].get_Item (Int32 index) [0x00000] in <filename unknown>:0 
  at PlayerControlThree+<EnterHQ>c__Iterator0.MoveNext () [0x00000] in <filename unknown>:0 
  at UnityEngine.SetupCoroutine.InvokeMoveNext (IEnumerator enumerator, IntPtr returnValueAddress) [0x00000] in <filename unknown>:0 
 
(Filename:  Line: -1)

Received: Shepherd/2,2,70386
 
(Filename: C:/buildslave/unity/build/artifacts/generated/common/runtime/DebugBindings.gen.cpp Line: 51)

2
 
(Filename: C:/buildslave/unity/build/artifacts/generated/common/runtime/DebugBindings.gen.cpp Line: 51)

Received: Shepherd/2,0,70468
 
(Filename: C:/buildslave/unity/build/artifacts/generated/common/runtime/DebugBindings.gen.cpp Line: 51)

2
 
(Filename: C:/buildslave/unity/build/artifacts/generated/common/runtime/DebugBindings.gen.cpp Line: 51)

Received: Skill/2,3,3.538147,-6.09155,-23.98696,70963
 
(Filename: C:/buildslave/unity/build/artifacts/generated/common/runtime/DebugBindings.gen.cpp Line: 51)

2
 
(Filename: C:/buildslave/unity/build/artifacts/generated/common/runtime/DebugBindings.gen.cpp Line: 51)

Send: Shepherd/1,2,27092
 
(Filename: C:/buildslave/unity/build/artifacts/generated/common/runtime/DebugBindings.gen.cpp Line: 51)

Received: Shepherd/1,2,27092
 
(Filename: C:/buildslave/unity/build/artifacts/generated/common/runtime/DebugBindings.gen.cpp Line: 51)

1
 
(Filename: C:/buildslave/unity/build/artifacts/generated/common/runtime/DebugBindings.gen.cpp Line: 51)

Send: Skill/1,2,-16.13586,18.93251,2.488809,27740
 
(Filename: C:/buildslave/unity/build/artifacts/generated/common/runtime/DebugBindings.gen.cpp Line: 51)

Received: Skill/1,2,-16.13586,18.93251,2.488809,27740
 
(Filename: C:/buildslave/unity/build/artifacts/generated/common/runtime/DebugBindings.gen.cpp Line: 51)

1
 
(Filename: C:/buildslave/unity/build/artifacts/generated/common/runtime/DebugBindings.gen.cpp Line: 51)

Send: Shepherd/1,0,27792
 
(Filename: C:/buildslave/unity/build/artifacts/generated/common/runtime/DebugBindings.gen.cpp Line: 51)

Received: Shepherd/1,0,27792
 
(Filename: C:/buildslave/unity/build/artifacts/generated/common/runtime/DebugBindings.gen.cpp Line: 51)

1
 
(Filename: C:/buildslave/unity/build/artifacts/generated/common/runtime/DebugBindings.gen.cpp Line: 51)

Send: Shepherd/1,1,27811
 
(Filename: C:/buildslave/unity/build/artifacts/generated/common/runtime/DebugBindings.gen.cpp Line: 51)

Received: Shepherd/1,1,27811
 
(Filename: C:/buildslave/unity/build/artifacts/generated/common/runtime/DebugBindings.gen.cpp Line: 51)

1
 
(Filename: C:/buildslave/unity/build/artifacts/generated/common/runtime/DebugBindings.gen.cpp Line: 51)

ArgumentOutOfRangeException: Argument is out of range.
Parameter name: index
  at System.Collections.Generic.List`1[UnityEngine.GameObject].get_Item (Int32 index) [0x00000] in <filename unknown>:0 
  at PlayerControlThree+<EnterHQ>c__Iterator0.MoveNext () [0x00000] in <filename unknown>:0 
  at UnityEngine.SetupCoroutine.InvokeMoveNext (IEnumerator enumerator, IntPtr returnValueAddress) [0x00000] in <filename unknown>:0 
 
(Filename:  Line: -1)

ArgumentOutOfRangeException: Argument is out of range.
Parameter name: index
  at System.Collections.Generic.List`1[UnityEngine.GameObject].get_Item (Int32 index) [0x00000] in <filename unknown>:0 
  at PlayerControlThree+<EnterHQ>c__Iterator0.MoveNext () [0x00000] in <filename unknown>:0 
  at UnityEngine.SetupCoroutine.InvokeMoveNext (IEnumerator enumerator, IntPtr returnValueAddress) [0x00000] in <filename unknown>:0 
 
(Filename:  Line: -1)

ArgumentOutOfRangeException: Argument is out of range.
Parameter name: index
  at System.Collections.Generic.List`1[UnityEngine.GameObject].get_Item (Int32 index) [0x00000] in <filename unknown>:0 
  at PlayerControlThree+<EnterHQ>c__Iterator0.MoveNext () [0x00000] in <filename unknown>:0 
  at UnityEngine.SetupCoroutine.InvokeMoveNext (IEnumerator enumerator, IntPtr returnValueAddress) [0x00000] in <filename unknown>:0 
 
(Filename:  Line: -1)

ArgumentOutOfRangeException: Argument is out of range.
Parameter name: index
  at System.Collections.Generic.List`1[UnityEngine.GameObject].get_Item (Int32 index) [0x00000] in <filename unknown>:0 
  at PlayerControlThree+<EnterHQ>c__Iterator0.MoveNext () [0x00000] in <filename unknown>:0 
  at UnityEngine.SetupCoroutine.InvokeMoveNext (IEnumerator enumerator, IntPtr returnValueAddress) [0x00000] in <filename unknown>:0 
 
(Filename:  Line: -1)

ArgumentOutOfRangeException: Argument is out of range.
Parameter name: index
  at System.Collections.Generic.List`1[UnityEngine.GameObject].get_Item (Int32 index) [0x00000] in <filename unknown>:0 
  at PlayerControlThree+<EnterHQ>c__Iterator0.MoveNext () [0x00000] in <filename unknown>:0 
  at UnityEngine.SetupCoroutine.InvokeMoveNext (IEnumerator enumerator, IntPtr returnValueAddress) [0x00000] in <filename unknown>:0 
 
(Filename:  Line: -1)

ArgumentOutOfRangeException: Argument is out of range.
Parameter name: index
  at System.Collections.Generic.List`1[UnityEngine.GameObject].get_Item (Int32 index) [0x00000] in <filename unknown>:0 
  at PlayerControlThree+<EnterHQ>c__Iterator0.MoveNext () [0x00000] in <filename unknown>:0 
  at UnityEngine.SetupCoroutine.InvokeMoveNext (IEnumerator enumerator, IntPtr returnValueAddress) [0x00000] in <filename unknown>:0 
 
(Filename:  Line: -1)

ArgumentOutOfRangeException: Argument is out of range.
Parameter name: index
  at System.Collections.Generic.List`1[UnityEngine.GameObject].get_Item (Int32 index) [0x00000] in <filename unknown>:0 
  at PlayerControlThree+<EnterHQ>c__Iterator0.MoveNext () [0x00000] in <filename unknown>:0 
  at UnityEngine.SetupCoroutine.InvokeMoveNext (IEnumerator enumerator, IntPtr returnValueAddress) [0x00000] in <filename unknown>:0 
 
(Filename:  Line: -1)

Send: Shepherd/1,2,28188
 
(Filename: C:/buildslave/unity/build/artifacts/generated/common/runtime/DebugBindings.gen.cpp Line: 51)

Received: Shepherd/1,2,28188
 
(Filename: C:/buildslave/unity/build/artifacts/generated/common/runtime/DebugBindings.gen.cpp Line: 51)

1
 
(Filename: C:/buildslave/unity/build/artifacts/generated/common/runtime/DebugBindings.gen.cpp Line: 51)

Send: Shepherd/1,0,28249
 
(Filename: C:/buildslave/unity/build/artifacts/generated/common/runtime/DebugBindings.gen.cpp Line: 51)

Received: Shepherd/1,0,28249
 
(Filename: C:/buildslave/unity/build/artifacts/generated/common/runtime/DebugBindings.gen.cpp Line: 51)

1
 
(Filename: C:/buildslave/unity/build/artifacts/generated/common/runtime/DebugBindings.gen.cpp Line: 51)

Send: Shepherd/1,1,28632
 
(Filename: C:/buildslave/unity/build/artifacts/generated/common/runtime/DebugBindings.gen.cpp Line: 51)

Received: Shepherd/1,1,28632
 
(Filename: C:/buildslave/unity/build/artifacts/generated/common/runtime/DebugBindings.gen.cpp Line: 51)

1
 
(Filename: C:/buildslave/unity/build/artifacts/generated/common/runtime/DebugBindings.gen.cpp Line: 51)

Send: Shepherd/1,2,28642
 
(Filename: C:/buildslave/unity/build/artifacts/generated/common/runtime/DebugBindings.gen.cpp Line: 51)

Received: Shepherd/1,2,28642
 
(Filename: C:/buildslave/unity/build/artifacts/generated/common/runtime/DebugBindings.gen.cpp Line: 51)

1
 
(Filename: C:/buildslave/unity/build/artifacts/generated/common/runtime/DebugBindings.gen.cpp Line: 51)

Send: GameOver/1,6172
 
(Filename: C:/buildslave/unity/build/artifacts/generated/common/runtime/DebugBindings.gen.cpp Line: 51)

Received: GameEnd
 
(Filename: C:/buildslave/unity/build/artifacts/generated/common/runtime/DebugBindings.gen.cpp Line: 51)

Get
 
(Filename: C:/buildslave/unity/build/artifacts/generated/common/runtime/DebugBindings.gen.cpp Line: 51)

Disconnected.
 
(Filename: C:/buildslave/unity/build/artifacts/generated/common/runtime/DebugBindings.gen.cpp Line: 51)

Unloading 3 Unused Serialized files (Serialized files now loaded: 0)
UnloadTime: 1.315808 ms

Unloading 30 unused Assets to reduce memory usage. Loaded Objects now: 481.
Total: 0.580926 ms (FindLiveObjects: 0.050086 ms CreateObjectMapping: 0.018474 ms MarkObjects: 0.396590 ms  DeleteObjects: 0.114953 ms)

Unloading 2 Unused Serialized files (Serialized files now loaded: 0)
UnloadTime: 0.449961 ms

Unloading 7 unused Assets to reduce memory usage. Loaded Objects now: 499.
Total: 0.544387 ms (FindLiveObjects: 0.045570 ms CreateObjectMapping: 0.019295 ms MarkObjects: 0.467615 ms  DeleteObjects: 0.011084 ms)

